d:\media_stream_video\media_stream_video\debug\media_stream_video.pch
d:\media_stream_video\media_stream_video\debug\vc140.pdb
d:\media_stream_video\media_stream_video\debug\vc140.idb
d:\media_stream_video\media_stream_video\debug\stdafx.obj
d:\media_stream_video\media_stream_video\debug\dllmain.obj
d:\media_stream_video\media_stream_video\debug\media_stream_video.obj
d:\media_stream_video\debug\media_stream_video.ilk
d:\media_stream_video\debug\media_stream_video.dll
d:\media_stream_video\debug\media_stream_video.pdb
d:\media_stream_video\media_stream_video\debug\media_st.d7c58728.tlog\cl.command.1.tlog
d:\media_stream_video\media_stream_video\debug\media_st.d7c58728.tlog\cl.read.1.tlog
d:\media_stream_video\media_stream_video\debug\media_st.d7c58728.tlog\cl.write.1.tlog
d:\media_stream_video\media_stream_video\debug\media_st.d7c58728.tlog\link.24412-cvtres.read.1.tlog
d:\media_stream_video\media_stream_video\debug\media_st.d7c58728.tlog\link.24412-cvtres.write.1.tlog
d:\media_stream_video\media_stream_video\debug\media_st.d7c58728.tlog\link.24412-rc.read.1.tlog
d:\media_stream_video\media_stream_video\debug\media_st.d7c58728.tlog\link.24412-rc.write.1.tlog
d:\media_stream_video\media_stream_video\debug\media_st.d7c58728.tlog\link.24412.read.1.tlog
d:\media_stream_video\media_stream_video\debug\media_st.d7c58728.tlog\link.24412.write.1.tlog
d:\media_stream_video\media_stream_video\debug\media_st.d7c58728.tlog\link.command.1.tlog
d:\media_stream_video\media_stream_video\debug\media_st.d7c58728.tlog\link.read.1.tlog
d:\media_stream_video\media_stream_video\debug\media_st.d7c58728.tlog\link.write.1.tlog
